# JRE version: OpenJDK Runtime Environment Temurin-17.0.14+7 (17.0.14+7) (build 17.0.14+7)
# Java VM: OpenJDK 64-Bit Server VM Temurin-17.0.14+7 (17.0.14+7, mixed mode, emulated-client, sharing, tiered, compressed oops, compressed class ptrs, g1 gc, windows-amd64)
GC Precious Log:
 CPUs: 12 total, 12 available
 Memory: 16004M
 Large Page Support: Disabled
 NUMA Support: Disabled
 Compressed Oops: Enabled (Zero based)
 Heap Region Size: 2M
 Heap Min Capacity: 8M
 Heap Initial Capacity: 252M
 Heap Max Capacity: 4002M
 Pre-touch: Disabled
 Parallel Workers: 10
 Concurrent Workers: 3
 Concurrent Refinement Workers: 10
 Periodic GC: Disabled
Heap:
 garbage-first heap   total 118784K, used 69231K [0x0000000705e00000, 0x0000000800000000)
  region size 2048K, 12 young (24576K), 2 survivors (4096K)
 Metaspace       used 77698K, committed 78528K, reserved 1179648K
  class space    used 11371K, committed 11776K, reserved 1048576K
GC Heap History (20 events):
Event: 4.573 GC heap before
{Heap before GC invocations=8 (full 0):
 garbage-first heap   total 98304K, used 47931K [0x0000000705e00000, 0x0000000800000000)
  region size 2048K, 14 young (28672K), 3 survivors (6144K)
 Metaspace       used 35494K, committed 35968K, reserved 1114112K
  class space    used 4995K, committed 5248K, reserved 1048576K
}
Event: 4.583 GC heap after
{Heap after GC invocations=9 (full 0):
 garbage-first heap   total 98304K, used 29332K [0x0000000705e00000, 0x0000000800000000)
  region size 2048K, 3 young (6144K), 3 survivors (6144K)
 Metaspace       used 35494K, committed 35968K, reserved 1114112K
  class space    used 4995K, committed 5248K, reserved 1048576K
}
Event: 5.063 GC heap before
{Heap before GC invocations=10 (full 0):
 garbage-first heap   total 98304K, used 68244K [0x0000000705e00000, 0x0000000800000000)
  region size 2048K, 23 young (47104K), 3 survivors (6144K)
 Metaspace       used 39879K, committed 40320K, reserved 1114112K
  class space    used 5599K, committed 5824K, reserved 1048576K
}
Event: 5.074 GC heap after
{Heap after GC invocations=11 (full 0):
 garbage-first heap   total 98304K, used 33222K [0x0000000705e00000, 0x0000000800000000)
  region size 2048K, 3 young (6144K), 3 survivors (6144K)
 Metaspace       used 39879K, committed 40320K, reserved 1114112K
  class space    used 5599K, committed 5824K, reserved 1048576K
}
Event: 5.551 GC heap before
{Heap before GC invocations=11 (full 0):
 garbage-first heap   total 98304K, used 72134K [0x0000000705e00000, 0x0000000800000000)
  region size 2048K, 22 young (45056K), 3 survivors (6144K)
 Metaspace       used 43366K, committed 43904K, reserved 1114112K
  class space    used 6106K, committed 6336K, reserved 1048576K
}
Event: 5.558 GC heap after
{Heap after GC invocations=12 (full 0):
 garbage-first heap   total 98304K, used 35885K [0x0000000705e00000, 0x0000000800000000)
  region size 2048K, 2 young (4096K), 2 survivors (4096K)
 Metaspace       used 43366K, committed 43904K, reserved 1114112K
  class space    used 6106K, committed 6336K, reserved 1048576K
}
Event: 6.279 GC heap before
{Heap before GC invocations=12 (full 0):
 garbage-first heap   total 98304K, used 72749K [0x0000000705e00000, 0x0000000800000000)
  region size 2048K, 20 young (40960K), 2 survivors (4096K)
 Metaspace       used 52059K, committed 52672K, reserved 1114112K
  class space    used 7445K, committed 7744K, reserved 1048576K
}
Event: 6.282 GC heap after
{Heap after GC invocations=13 (full 0):
 garbage-first heap   total 118784K, used 37417K [0x0000000705e00000, 0x0000000800000000)
  region size 2048K, 3 young (6144K), 3 survivors (6144K)
 Metaspace       used 52059K, committed 52672K, reserved 1114112K
  class space    used 7445K, committed 7744K, reserved 1048576K
}
Event: 6.878 GC heap before
{Heap before GC invocations=13 (full 0):
 garbage-first heap   total 118784K, used 64041K [0x0000000705e00000, 0x0000000800000000)
  region size 2048K, 17 young (34816K), 3 survivors (6144K)
 Metaspace       used 59525K, committed 60096K, reserved 1114112K
  class space    used 8509K, committed 8832K, reserved 1048576K
}
Event: 6.881 GC heap after
{Heap after GC invocations=14 (full 0):
 garbage-first heap   total 118784K, used 38519K [0x0000000705e00000, 0x0000000800000000)
  region size 2048K, 3 young (6144K), 3 survivors (6144K)
 Metaspace       used 59525K, committed 60096K, reserved 1114112K
  class space    used 8509K, committed 8832K, reserved 1048576K
}
Event: 7.718 GC heap before
{Heap before GC invocations=15 (full 0):
 garbage-first heap   total 118784K, used 89719K [0x0000000705e00000, 0x0000000800000000)
  region size 2048K, 29 young (59392K), 3 survivors (6144K)
 Metaspace       used 68057K, committed 68736K, reserved 1114112K
  class space    used 9843K, committed 10176K, reserved 1048576K
}
Event: 7.723 GC heap after
{Heap after GC invocations=16 (full 0):
 garbage-first heap   total 118784K, used 41873K [0x0000000705e00000, 0x0000000800000000)
  region size 2048K, 4 young (8192K), 4 survivors (8192K)
 Metaspace       used 68057K, committed 68736K, reserved 1114112K
  class space    used 9843K, committed 10176K, reserved 1048576K
}
Event: 8.854 GC heap before
{Heap before GC invocations=16 (full 0):
 garbage-first heap   total 118784K, used 93073K [0x0000000705e00000, 0x0000000800000000)
  region size 2048K, 29 young (59392K), 4 survivors (8192K)
 Metaspace       used 70547K, committed 71232K, reserved 1114112K
  class space    used 10241K, committed 10560K, reserved 1048576K
}
Event: 8.870 GC heap after
{Heap after GC invocations=17 (full 0):
 garbage-first heap   total 118784K, used 45755K [0x0000000705e00000, 0x0000000800000000)
  region size 2048K, 4 young (8192K), 4 survivors (8192K)
 Metaspace       used 70547K, committed 71232K, reserved 1114112K
  class space    used 10241K, committed 10560K, reserved 1048576K
}
Event: 9.874 GC heap before
{Heap before GC invocations=17 (full 0):
 garbage-first heap   total 118784K, used 92859K [0x0000000705e00000, 0x0000000800000000)
  region size 2048K, 27 young (55296K), 4 survivors (8192K)
 Metaspace       used 72619K, committed 73280K, reserved 1114112K
  class space    used 10593K, committed 10880K, reserved 1048576K
}
Event: 9.887 GC heap after
{Heap after GC invocations=18 (full 0):
 garbage-first heap   total 118784K, used 48307K [0x0000000705e00000, 0x0000000800000000)
  region size 2048K, 4 young (8192K), 4 survivors (8192K)
 Metaspace       used 72619K, committed 73280K, reserved 1114112K
  class space    used 10593K, committed 10880K, reserved 1048576K
}
Event: 11.185 GC heap before
{Heap before GC invocations=18 (full 0):
 garbage-first heap   total 118784K, used 93363K [0x0000000705e00000, 0x0000000800000000)
  region size 2048K, 26 young (53248K), 4 survivors (8192K)
 Metaspace       used 76626K, committed 77376K, reserved 1179648K
  class space    used 11190K, committed 11520K, reserved 1048576K
}
Event: 11.195 GC heap after
{Heap after GC invocations=19 (full 0):
 garbage-first heap   total 118784K, used 49508K [0x0000000705e00000, 0x0000000800000000)
  region size 2048K, 3 young (6144K), 3 survivors (6144K)
 Metaspace       used 76626K, committed 77376K, reserved 1179648K
  class space    used 11190K, committed 11520K, reserved 1048576K
}
Event: 1017.928 GC heap before
{Heap before GC invocations=19 (full 0):
 garbage-first heap   total 118784K, used 92516K [0x0000000705e00000, 0x0000000800000000)
  region size 2048K, 24 young (49152K), 3 survivors (6144K)
 Metaspace       used 77697K, committed 78528K, reserved 1179648K
  class space    used 11371K, committed 11776K, reserved 1048576K
}
Event: 1017.940 GC heap after
{Heap after GC invocations=20 (full 0):
 garbage-first heap   total 118784K, used 50799K [0x0000000705e00000, 0x0000000800000000)
  region size 2048K, 2 young (4096K), 2 survivors (4096K)
 Metaspace       used 77697K, committed 78528K, reserved 1179648K
  class space    used 11371K, committed 11776K, reserved 1048576K
}

